2023-09-21T17:38:40.404Z[[32minfo[39m]:server is running on port 3093
2023-09-21T17:38:45.458Z[[31merror[39m]:user not found
2023-09-21T17:39:55.381Z[[32minfo[39m]:server is running on port 3093
2023-09-21T17:40:11.725Z[[32minfo[39m]:server is running on port 3093
2023-09-21T17:40:23.103Z[[32minfo[39m]:server is running on port 3093
2023-09-21T17:40:31.476Z[[32minfo[39m]:server is running on port 3093
2023-09-21T17:52:18.035Z[[32minfo[39m]:server is running on port 3093
2023-09-21T17:52:31.634Z[[32minfo[39m]:server is running on port 3093
2023-09-21T17:52:46.308Z[[32minfo[39m]:server is running on port 3093
2023-09-21T17:55:35.539Z[[32minfo[39m]:User deleted successfully: 6509e3589528ca4ed1596662
2023-09-21T17:56:44.420Z[[32minfo[39m]:server is running on port 3093
2023-09-21T17:56:55.197Z[[32minfo[39m]:server is running on port 3093
2023-09-21T17:57:01.053Z[[32minfo[39m]:server is running on port 3093
2023-09-21T17:57:10.601Z[[32minfo[39m]:server is running on port 3093
2023-09-21T17:57:16.618Z[[32minfo[39m]:server is running on port 3093
2023-09-21T17:57:30.379Z[[32minfo[39m]:server is running on port 3093
2023-09-21T17:57:35.892Z[[32minfo[39m]:server is running on port 3093
2023-09-21T17:59:51.509Z[[32minfo[39m]:server is running on port 3093
2023-09-21T17:59:54.089Z[[31merror[39m]:user not found
2023-09-21T17:59:54.095Z[[32minfo[39m]:User deleted successfully: 6509e3589528ca4ed1596662
2023-09-21T18:00:00.458Z[[31merror[39m]:user not found
2023-09-21T18:00:00.463Z[[32minfo[39m]:User deleted successfully: 6509e3589528ca4ed1596662
2023-09-21T18:00:26.723Z[[32minfo[39m]:server is running on port 3093
2023-09-21T18:00:29.998Z[[31merror[39m]:user not found
2023-09-21T18:00:44.257Z[[32minfo[39m]:server is running on port 3093
2023-09-21T18:00:47.457Z[[32minfo[39m]:server is running on port 3093
2023-09-21T18:00:51.065Z[[32minfo[39m]:server is running on port 3093
2023-09-21T18:00:55.055Z[[31merror[39m]:user not found
2023-09-21T18:01:02.071Z[[32minfo[39m]:server is running on port 3093
2023-09-21T18:01:06.405Z[[31merror[39m]:user not found
2023-09-21T18:02:53.417Z[[32minfo[39m]:User deleted successfully: 6509e42672e058e83f5f252a
2023-09-22T07:25:07.426Z[[32minfo[39m]:server is running on port 3094
2023-09-22T07:30:39.455Z[[32minfo[39m]:server is running on port 3094
2023-09-22T07:35:48.178Z[[32minfo[39m]:User deleted successfully: g222
2023-09-22T07:36:23.867Z[[32minfo[39m]:server is running on port 3094
2023-09-22T07:36:28.192Z[[32minfo[39m]:server is running on port 3094
2023-09-22T07:36:57.672Z[[32minfo[39m]:server is running on port 3094
2023-09-22T07:36:59.778Z[[32minfo[39m]:server is running on port 3094
2023-09-22T07:37:15.864Z[[32minfo[39m]:server is running on port 3094
2023-09-22T07:37:27.017Z[[32minfo[39m]:server is running on port 3094
2023-09-22T07:37:31.569Z[[32minfo[39m]:server is running on port 3094
2023-09-22T07:37:34.217Z[[32minfo[39m]:server is running on port 3094
2023-09-22T07:37:40.612Z[[31merror[39m]:Error while deleting user
2023-09-22T07:39:11.953Z[[32minfo[39m]:User gx1 deleted successfully
2023-09-22T07:43:17.220Z[[32minfo[39m]:user not found
2023-09-22T07:53:33.961Z[[32minfo[39m]:[32mserver is running on port 3094[39m
2023-09-22T07:53:38.813Z[[32minfo[39m]:[32mserver is running on port 3094[39m
2023-09-22T07:53:48.188Z[[32minfo[39m]:[32muser not found[39m
2023-09-22T07:54:31.379Z[[31merror[39m]:[31mError while deleting user[39m
2023-09-22T07:56:49.410Z[[32minfo[39m]:server is running on port 3094
2023-09-22T07:56:52.200Z[[31merror[39m]:Error while deleting user
2023-09-22T07:57:17.449Z[[32minfo[39m]:server is running on port 3094
2023-09-22T07:57:19.710Z[[33mwarn[39m]:Error while deleting user
2023-09-22T09:07:44.392Z[[32minfo[39m]:server is running on port 3094
2023-09-22T09:09:55.744Z[[32minfo[39m]:server is running on port 3094
2023-09-22T09:09:58.976Z[[32minfo[39m]:server is running on port 3094
2023-09-22T09:10:02.986Z[[31merror[39m]:Error while deleting user
2023-09-22T09:13:17.428Z[[33mwarn[39m]:user not found
